[06:12:55] [ServerMain/INFO]: [bootstrap] Running Java 21 (OpenJDK 64-Bit Server VM 21.0.5+11-Ubuntu-1ubuntu120.04; Ubuntu null) on Linux 6.5.0-1025-azure (amd64)
[06:12:55] [ServerMain/INFO]: [bootstrap] Loading Paper 1.21.1-57-master@b483da4 (2024-09-01T18:09:05Z) for Minecraft 1.21.1
[06:12:56] [ServerMain/INFO]: [PluginInitializerManager] Initializing plugins...
[06:12:56] [ServerMain/INFO]: [PluginInitializerManager] Initialized 5 plugins
[06:12:56] [ServerMain/INFO]: [PluginInitializerManager] Bukkit plugins (5):
 - Chunky (1.4.10), Geyser-Spigot (2.5.0-SNAPSHOT), SkinsRestorer (15.4.4), ViaVersion (5.1.2-SNAPSHOT), floodgate (2.2.3-SNAPSHOT (b110-e7e40f5))
[06:13:00] [ServerMain/INFO]: Environment: Environment[sessionHost=https://sessionserver.mojang.com, servicesHost=https://api.minecraftservices.com, name=PROD]
[06:13:02] [ServerMain/INFO]: Loaded 1290 recipes
[06:13:02] [ServerMain/INFO]: Loaded 1399 advancements
[06:13:02] [Server thread/INFO]: Starting minecraft server version 1.21.1
[06:13:02] [Server thread/INFO]: Loading properties
[06:13:02] [Server thread/INFO]: This server is running Paper version 1.21.1-57-master@b483da4 (2024-09-01T18:09:05Z) (Implementing API version 1.21.1-R0.1-SNAPSHOT)
[06:13:03] [Server thread/INFO]: [spark] This server bundles the spark profiler. For more information please visit https://docs.papermc.io/paper/profiling
[06:13:03] [Server thread/INFO]: Server Ping Player Sample Count: 12
[06:13:03] [Server thread/INFO]: Using 4 threads for Netty based IO
[06:13:04] [Server thread/INFO]: [ChunkTaskScheduler] Chunk system is using 1 I/O threads, 1 worker threads, and population gen parallelism of 1 threads
[06:13:04] [Server thread/INFO]: Default game type: SURVIVAL
[06:13:04] [Server thread/INFO]: Generating keypair
[06:13:04] [Server thread/INFO]: Starting Minecraft server on *:25565
[06:13:04] [Server thread/INFO]: Using epoll channel type
[06:13:04] [Server thread/INFO]: Paper: Using libdeflate (Linux x86_64) compression from Velocity.
[06:13:04] [Server thread/INFO]: Paper: Using OpenSSL 1.1.x (Linux x86_64) cipher from Velocity.
[06:13:06] [Server thread/INFO]: [floodgate] Loading server plugin floodgate v2.2.3-SNAPSHOT (b110-e7e40f5)
[06:13:07] [Server thread/WARN]: [floodgate] en_ is not a supported Floodgate language.
[06:13:07] [Server thread/INFO]: [floodgate] Took 1,822ms to boot Floodgate
[06:13:07] [Server thread/INFO]: [ViaVersion] Loading server plugin ViaVersion v5.1.2-SNAPSHOT
[06:13:07] [Server thread/INFO]: [ViaVersion] ViaVersion 5.1.2-SNAPSHOT is now loaded. Registering protocol transformers and injecting...
[06:13:08] [Via-Mappingloader-0/INFO]: [ViaVersion] Loading block connection mappings ...
[06:13:09] [Via-Mappingloader-0/INFO]: [ViaVersion] Using FastUtil Long2ObjectOpenHashMap for block connections
[06:13:09] [Server thread/INFO]: [Geyser-Spigot] Loading server plugin Geyser-Spigot v2.5.0-SNAPSHOT
[06:13:11] [Server thread/INFO]: [Geyser-Spigot] Loading extensions...
[06:13:11] [Server thread/INFO]: [Geyser-Spigot] Loaded 0 extension(s)
[06:13:11] [Server thread/INFO]: [SkinsRestorer] Loading server plugin SkinsRestorer v15.4.4
[06:13:11] [Server thread/INFO]: [Chunky] Loading server plugin Chunky v1.4.10
[06:13:11] [Server thread/INFO]: Server permissions file permissions.yml is empty, ignoring it
[06:13:11] [Server thread/INFO]: [SkinsRestorer] Enabling SkinsRestorer v15.4.4
[06:13:12] [Server thread/WARN]: [SkinsRestorer] You must agree to the rules at 'commands.perSkinPermissionsConsent' in the config to use per skin permissions.
[06:13:12] [Server thread/INFO]: [SkinsRestorer] Running on Minecraft 1.21.1.
[06:13:13] [Server thread/INFO]: [SkinsRestorer] Floodgate skin listener registered
[06:13:13] [Server thread/INFO]: [SkinsRestorer] Using paper join listener!
[06:13:13] [Server thread/WARN]: **** SERVER IS RUNNING IN OFFLINE/INSECURE MODE!
[06:13:13] [Server thread/WARN]: The server will make no attempt to authenticate usernames. Beware.
[06:13:13] [Server thread/WARN]: While this makes the game possible to play without internet access, it also opens up the ability for hackers to connect with any username they choose.
[06:13:13] [Server thread/WARN]: To change this, set "online-mode" to "true" in the server.properties file.
[06:13:13] [Server thread/INFO]: Preparing level "world"
[06:13:13] [Folia Async Scheduler Thread #1/INFO]: [SkinsRestorer] ----------------------------------------------
[06:13:13] [Folia Async Scheduler Thread #1/INFO]: [SkinsRestorer]     +==================+
[06:13:13] [Folia Async Scheduler Thread #1/INFO]: [SkinsRestorer]     |   SkinsRestorer  |
[06:13:13] [Folia Async Scheduler Thread #1/INFO]: [SkinsRestorer]     |------------------|
[06:13:13] [Folia Async Scheduler Thread #1/INFO]: [SkinsRestorer]     |  Standalone Mode |
[06:13:13] [Folia Async Scheduler Thread #1/INFO]: [SkinsRestorer]     +==================+
[06:13:13] [Folia Async Scheduler Thread #1/INFO]: [SkinsRestorer] ----------------------------------------------
[06:13:13] [Folia Async Scheduler Thread #1/INFO]: [SkinsRestorer]     Version: 15.4.4
[06:13:13] [Folia Async Scheduler Thread #1/INFO]: [SkinsRestorer]     Commit: dc501c7
[06:13:13] [Folia Async Scheduler Thread #1/INFO]: [SkinsRestorer]     This is the latest version!
[06:13:13] [Folia Async Scheduler Thread #1/INFO]: [SkinsRestorer] ----------------------------------------------
[06:13:13] [Folia Async Scheduler Thread #1/INFO]: [SkinsRestorer] Do you have issues? Read our troubleshooting guide: https://skinsrestorer.net/docs/troubleshooting
[06:13:13] [Folia Async Scheduler Thread #1/INFO]: [SkinsRestorer] Want to support SkinsRestorer? Consider donating: https://skinsrestorer.net/donate
[06:13:14] [Server thread/INFO]: Preparing start region for dimension minecraft:overworld
[06:13:15] [Server thread/INFO]: Time elapsed: 1050 ms
[06:13:15] [Server thread/INFO]: Preparing start region for dimension minecraft:the_nether
[06:13:15] [Server thread/INFO]: Time elapsed: 210 ms
[06:13:15] [Server thread/INFO]: Preparing start region for dimension minecraft:the_end
[06:13:15] [Server thread/INFO]: Time elapsed: 179 ms
[06:13:15] [Server thread/INFO]: [floodgate] Enabling floodgate v2.2.3-SNAPSHOT (b110-e7e40f5)
[06:13:16] [Server thread/INFO]: [ViaVersion] Enabling ViaVersion v5.1.2-SNAPSHOT
[06:13:16] [Server thread/INFO]: [ViaVersion] ViaVersion detected server version: 1.21-1.21.1 (767)
[06:13:16] [Server thread/INFO]: [Geyser-Spigot] Enabling Geyser-Spigot v2.5.0-SNAPSHOT
[06:13:16] [Server thread/INFO]: [Chunky] Enabling Chunky v1.4.10
[06:13:17] [Server thread/INFO]: [spark] Starting background profiler...
[06:13:17] [Server thread/INFO]: [Geyser-Spigot] ******************************************
[06:13:17] [Server thread/INFO]: [Geyser-Spigot] 
[06:13:17] [Server thread/INFO]: [Geyser-Spigot] Loading Geyser version 2.5.0-b718 (git-master-47b68f8)
[06:13:17] [Server thread/INFO]: [Geyser-Spigot] 
[06:13:17] [Server thread/INFO]: [Geyser-Spigot] ******************************************
[06:13:24] [epollEventLoopGroup-3-1/INFO]: [Geyser-Spigot] Started Geyser on UDP port 19132
[06:13:24] [Server thread/INFO]: [Geyser-Spigot] Done (7.595s)! Run /geyser help for help!
[06:13:25] [Server thread/INFO]: Done preparing level "world" (11.452s)
[06:13:25] [Server thread/INFO]: Running delayed init tasks
[06:13:25] [Server thread/INFO]: Done (30.126s)! For help, type "help"
[06:13:25] [Server thread/INFO]: Timings Reset
[06:13:25] [Craft Scheduler Thread - 2 - ViaVersion/INFO]: [ViaVersion] Finished mapping loading, shutting down loader executor.
[06:13:25] [Server thread/INFO]: [ViaVersion] You are running a development version of the plugin, please report any bugs to GitHub.
